<?xml version="1.0" encoding="UTF-8"?>
<!-- Generated by org.testng.reporters.JUnitReportReporter -->
<testsuite skipped="0" hostname="DESKTOP-5GBS83J" name="Cricket.TopStories" tests="1" failures="0" timestamp="13 Jan 2021 12:29:49 GMT" time="62.329" errors="0">
  <testcase name="testcase1" time="62.329" classname="Cricket.TopStories"/>
</testsuite> <!-- Cricket.TopStories -->
